2025-03-07 12:32:55,908 - elysium - INFO - Starting Elysium Trading Framework
2025-03-07 12:32:55,908 - elysium.config - INFO - Loaded configuration from elysium_config.json
2025-03-07 12:32:58,129 - elysium.exchange - INFO - Exchange manager initialized for account: 0xb92e5A1363Da1030B10f02378ea9FBcA7bEC1973
2025-03-07 12:32:58,284 - elysium.position - INFO - Position manager initialized
2025-03-07 12:32:58,286 - elysium.orders - INFO - Order callbacks set up successfully
2025-03-07 12:32:58,288 - elysium.strategy - INFO - Discovered 2 strategies: ['basic_market_making', 'market_order_making']
2025-03-07 12:33:11,834 - elysium - ERROR - Error running Elysium: No module named 'elysium.strategies.market_mm'
Traceback (most recent call last):
  File "/Users/ubaid/Elysium/elysium/main.py", line 321, in main
    strategy = strategy_manager.create_strategy(strategy_name, strategy_params)
               ^^^^^^^^^^^^^^^^^^^^^^^^^^^^^^^^^^^^^^^^^^^^^^^^^^^^^^^^^^^^^^^^
  File "/Users/ubaid/Elysium/elysium/core/strategy_manager.py", line 67, in create_strategy
    strategy_class = get_strategy_class(strategy_name)
                     ^^^^^^^^^^^^^^^^^^^^^^^^^^^^^^^^^
  File "/Users/ubaid/Elysium/elysium/strategies/__init__.py", line 61, in get_strategy_class
    from elysium.strategies.market_mm import MarketOrderMaking
ModuleNotFoundError: No module named 'elysium.strategies.market_mm'
2025-03-07 12:33:11,838 - elysium - INFO - Exiting Elysium Trading Framework
2025-03-07 12:36:43,233 - elysium.position - ERROR - Error refreshing positions: (502, '<html>\r\n<head><title>502 Bad Gateway</title></head>\r\n<body>\r\n<center><h1>502 Bad Gateway</h1></center>\r\n<hr><center>nginx/1.26.2</center>\r\n</body>\r\n</html>\r\n')
2025-03-07 12:36:53,394 - elysium.position - ERROR - Error refreshing positions: (502, '<html>\r\n<head><title>502 Bad Gateway</title></head>\r\n<body>\r\n<center><h1>502 Bad Gateway</h1></center>\r\n<hr><center>nginx/1.26.2</center>\r\n</body>\r\n</html>\r\n')
2025-03-07 12:37:03,559 - elysium.position - ERROR - Error refreshing positions: (502, '<html>\r\n<head><title>502 Bad Gateway</title></head>\r\n<body>\r\n<center><h1>502 Bad Gateway</h1></center>\r\n<hr><center>nginx/1.26.2</center>\r\n</body>\r\n</html>\r\n')
