2025-03-07 08:21:52,938 - elysium.strategy - INFO - Discovered 1 strategies: ['basic_market_making']
2025-03-07 08:21:52,939 - elysium.strategy - INFO - Initialized BasicMarketMaking for HWTR/USDC
2025-03-07 08:21:52,939 - elysium.strategy - INFO - Configuration: {'symbol': '@140', 'display_name': 'HWTR/USDC', 'max_order_size': 6000.0, 'min_order_size': 1000.0, 'position_use_pct': 0.9, 'initial_offset': 0.0001, 'min_offset': 9e-05, 'offset_reduction': 1e-05, 'order_refresh_time': 10, 'max_active_orders': 4}
2025-03-07 08:21:52,939 - elysium.strategy - INFO - Created strategy: basic_market_making
2025-03-07 08:21:52,940 - elysium.strategy - INFO - Set active strategy: BasicMarketMaking
2025-03-07 08:21:52,940 - elysium.strategy - INFO - Subscribed to orderbook for @140
2025-03-07 08:21:53,382 - elysium.strategy - INFO - Strategy BasicMarketMaking started
2025-03-07 08:21:53,384 - elysium.strategy - INFO - Started strategy: BasicMarketMaking
2025-03-07 08:21:53,533 - elysium.strategy - INFO - Placing orders - Buy: 0.0 (-0.000090), Sell: 0.0 (+0.000090)
2025-03-07 08:21:53,791 - elysium.strategy - INFO - Placing orders - Buy: 1.305682 (-0.000090), Sell: 1.302017 (+0.000090)
2025-03-07 08:21:53,842 - elysium.strategy - INFO - Account state - Position: 499.5 HWTR/USDC, USDC: 499.5
2025-03-07 08:21:53,843 - elysium.strategy - ERROR - Error placing orders: float division by zero
2025-03-07 08:21:54,093 - elysium.strategy - INFO - Account state - Position: 499.5 HWTR/USDC, USDC: 499.5
2025-03-07 08:21:54,094 - elysium.strategy - INFO - Placing Buy order: 1000.0 @ 1.305682
2025-03-07 08:21:54,607 - elysium.strategy - INFO - Placing orders - Buy: 1.305682 (-0.000090), Sell: 1.302017 (+0.000090)
2025-03-07 08:21:54,861 - elysium.strategy - INFO - Buy order placed successfully
2025-03-07 08:21:54,862 - elysium.strategy - INFO - Placing Sell order: 1000.0 @ 1.302017
2025-03-07 08:21:54,904 - elysium.strategy - INFO - Account state - Position: 499.5 HWTR/USDC, USDC: 499.5
2025-03-07 08:21:54,904 - elysium.strategy - INFO - Placing Buy order: 1000.0 @ 1.305682
2025-03-07 08:21:55,421 - elysium.strategy - INFO - Sell order placed successfully
2025-03-07 08:21:55,610 - elysium.strategy - INFO - Buy order placed successfully
2025-03-07 08:21:55,611 - elysium.strategy - INFO - Placing Sell order: 1000.0 @ 1.302017
2025-03-07 08:21:55,944 - elysium.strategy - INFO - Sell order placed successfully
2025-03-07 08:21:56,203 - elysium.strategy - INFO - Placing orders - Buy: 1.305682 (-0.000090), Sell: 1.302017 (+0.000090)
2025-03-07 08:21:56,499 - elysium.strategy - INFO - Account state - Position: 499.5 HWTR/USDC, USDC: 499.5
2025-03-07 08:21:56,500 - elysium.strategy - INFO - Placing Buy order: 1000.0 @ 1.305682
2025-03-07 08:21:57,017 - elysium.strategy - INFO - Buy order placed successfully
2025-03-07 08:21:57,018 - elysium.strategy - INFO - Placing Sell order: 1000.0 @ 1.302017
2025-03-07 08:21:57,530 - elysium.strategy - INFO - Sell order placed successfully
2025-03-07 08:21:57,781 - elysium.strategy - INFO - Placing orders - Buy: 1.305682 (-0.000090), Sell: 1.302017 (+0.000090)
2025-03-07 08:21:58,081 - elysium.strategy - INFO - Account state - Position: 499.5 HWTR/USDC, USDC: 499.5
2025-03-07 08:21:58,082 - elysium.strategy - INFO - Placing Buy order: 1000.0 @ 1.305682
2025-03-07 08:21:59,901 - elysium.strategy - INFO - Buy order placed successfully
2025-03-07 08:21:59,901 - elysium.strategy - INFO - Placing Sell order: 1000.0 @ 1.302017
2025-03-07 08:22:00,957 - elysium.strategy - INFO - Sell order placed successfully
2025-03-07 08:22:01,210 - elysium.strategy - INFO - Placing orders - Buy: 1.305682 (-0.000090), Sell: 1.302017 (+0.000090)
2025-03-07 08:22:01,515 - elysium.strategy - INFO - Account state - Position: 499.5 HWTR/USDC, USDC: 499.5
2025-03-07 08:22:01,515 - elysium.strategy - INFO - Placing Buy order: 1000.0 @ 1.305682
2025-03-07 08:22:02,587 - elysium.strategy - INFO - Buy order placed successfully
2025-03-07 08:22:02,587 - elysium.strategy - INFO - Placing Sell order: 1000.0 @ 1.302017
2025-03-07 08:22:02,932 - elysium.strategy - INFO - Sell order placed successfully
2025-03-07 08:22:03,202 - elysium.strategy - INFO - Placing orders - Buy: 1.305682 (-0.000090), Sell: 1.302017 (+0.000090)
2025-03-07 08:22:03,503 - elysium.strategy - INFO - Account state - Position: 499.5 HWTR/USDC, USDC: 499.5
2025-03-07 08:22:03,504 - elysium.strategy - INFO - Placing Buy order: 1000.0 @ 1.305682
2025-03-07 08:22:04,028 - elysium.strategy - INFO - Buy order placed successfully
2025-03-07 08:22:04,029 - elysium.strategy - INFO - Placing Sell order: 1000.0 @ 1.302017
2025-03-07 08:22:04,437 - elysium.strategy - INFO - Sell order placed successfully
2025-03-07 08:22:04,689 - elysium.strategy - INFO - Placing orders - Buy: 1.305682 (-0.000090), Sell: 1.302017 (+0.000090)
2025-03-07 08:22:04,996 - elysium.strategy - INFO - Account state - Position: 499.5 HWTR/USDC, USDC: 499.5
2025-03-07 08:22:04,997 - elysium.strategy - INFO - Placing Buy order: 1000.0 @ 1.305682
2025-03-07 08:22:05,414 - elysium.strategy - INFO - Buy order placed successfully
2025-03-07 08:22:05,414 - elysium.strategy - INFO - Placing Sell order: 1000.0 @ 1.302017
2025-03-07 08:22:05,805 - elysium.strategy - INFO - Sell order placed successfully
2025-03-07 08:22:06,065 - elysium.strategy - INFO - Placing orders - Buy: 1.305682 (-0.000090), Sell: 1.302017 (+0.000090)
2025-03-07 08:22:06,392 - elysium.strategy - INFO - Account state - Position: 499.5 HWTR/USDC, USDC: 499.5
2025-03-07 08:22:06,394 - elysium.strategy - INFO - Placing Buy order: 1000.0 @ 1.305682
2025-03-07 08:22:06,847 - elysium.strategy - INFO - Buy order placed successfully
2025-03-07 08:22:06,847 - elysium.strategy - INFO - Placing Sell order: 1000.0 @ 1.302017
2025-03-07 08:22:07,247 - elysium.strategy - INFO - Sell order placed successfully
2025-03-07 08:22:07,502 - elysium.strategy - INFO - Placing orders - Buy: 1.305682 (-0.000090), Sell: 1.302017 (+0.000090)
2025-03-07 08:22:07,802 - elysium.strategy - INFO - Account state - Position: 499.5 HWTR/USDC, USDC: 499.5
2025-03-07 08:22:07,803 - elysium.strategy - INFO - Placing Buy order: 1000.0 @ 1.305682
2025-03-07 08:22:08,249 - elysium.strategy - INFO - Buy order placed successfully
2025-03-07 08:22:08,249 - elysium.strategy - INFO - Placing Sell order: 1000.0 @ 1.302017
2025-03-07 08:22:08,629 - elysium.strategy - INFO - Sell order placed successfully
2025-03-07 08:22:08,886 - elysium.strategy - INFO - Placing orders - Buy: 1.305682 (-0.000090), Sell: 1.302017 (+0.000090)
2025-03-07 08:22:09,196 - elysium.strategy - INFO - Account state - Position: 499.5 HWTR/USDC, USDC: 499.5
2025-03-07 08:22:09,197 - elysium.strategy - INFO - Placing Buy order: 1000.0 @ 1.305682
2025-03-07 08:22:09,935 - elysium.strategy - INFO - Buy order placed successfully
2025-03-07 08:22:09,936 - elysium.strategy - INFO - Placing Sell order: 1000.0 @ 1.302017
2025-03-07 08:22:10,440 - elysium.strategy - INFO - Sell order placed successfully
2025-03-07 08:22:10,693 - elysium.strategy - INFO - Placing orders - Buy: 1.305682 (-0.000090), Sell: 1.302017 (+0.000090)
2025-03-07 08:22:10,995 - elysium.strategy - INFO - Account state - Position: 499.5 HWTR/USDC, USDC: 499.5
2025-03-07 08:22:10,997 - elysium.strategy - INFO - Placing Buy order: 1000.0 @ 1.305682
2025-03-07 08:22:11,641 - elysium.strategy - INFO - Buy order placed successfully
2025-03-07 08:22:11,641 - elysium.strategy - INFO - Placing Sell order: 1000.0 @ 1.302017
2025-03-07 08:22:12,173 - elysium.strategy - INFO - Sell order placed successfully
2025-03-07 08:22:12,432 - elysium.strategy - INFO - Placing orders - Buy: 1.305682 (-0.000090), Sell: 1.302017 (+0.000090)
2025-03-07 08:22:12,729 - elysium.strategy - INFO - Account state - Position: 499.5 HWTR/USDC, USDC: 499.5
2025-03-07 08:22:12,730 - elysium.strategy - INFO - Placing Buy order: 1000.0 @ 1.305682
2025-03-07 08:22:13,275 - elysium.strategy - INFO - Buy order placed successfully
2025-03-07 08:22:13,275 - elysium.strategy - INFO - Placing Sell order: 1000.0 @ 1.302017
2025-03-07 08:22:13,674 - elysium.strategy - INFO - Sell order placed successfully
2025-03-07 08:22:13,929 - elysium.strategy - INFO - Placing orders - Buy: 1.305682 (-0.000090), Sell: 1.302017 (+0.000090)
2025-03-07 08:22:14,228 - elysium.strategy - INFO - Account state - Position: 499.5 HWTR/USDC, USDC: 499.5
2025-03-07 08:22:14,229 - elysium.strategy - INFO - Placing Buy order: 1000.0 @ 1.305682
2025-03-07 08:22:14,677 - elysium.strategy - INFO - Buy order placed successfully
2025-03-07 08:22:14,678 - elysium.strategy - INFO - Placing Sell order: 1000.0 @ 1.302017
2025-03-07 08:22:15,273 - elysium.strategy - INFO - Sell order placed successfully
2025-03-07 08:22:15,527 - elysium.strategy - INFO - Placing orders - Buy: 1.305682 (-0.000090), Sell: 1.302017 (+0.000090)
2025-03-07 08:22:15,829 - elysium.strategy - INFO - Account state - Position: 499.5 HWTR/USDC, USDC: 499.5
2025-03-07 08:22:15,831 - elysium.strategy - INFO - Placing Buy order: 1000.0 @ 1.305682
2025-03-07 08:22:16,331 - elysium.strategy - INFO - Buy order placed successfully
2025-03-07 08:22:16,331 - elysium.strategy - INFO - Placing Sell order: 1000.0 @ 1.302017
2025-03-07 08:22:16,818 - elysium.strategy - INFO - Sell order placed successfully
2025-03-07 08:22:17,083 - elysium.strategy - INFO - Placing orders - Buy: 1.305682 (-0.000090), Sell: 1.302017 (+0.000090)
2025-03-07 08:22:17,383 - elysium.strategy - INFO - Account state - Position: 499.5 HWTR/USDC, USDC: 499.5
2025-03-07 08:22:17,384 - elysium.strategy - INFO - Placing Buy order: 1000.0 @ 1.305682
2025-03-07 08:22:18,072 - elysium.strategy - INFO - Buy order placed successfully
2025-03-07 08:22:18,073 - elysium.strategy - INFO - Placing Sell order: 1000.0 @ 1.302017
2025-03-07 08:22:18,565 - elysium.strategy - INFO - Sell order placed successfully
2025-03-07 08:22:18,824 - elysium.strategy - INFO - Placing orders - Buy: 1.305682 (-0.000090), Sell: 1.302017 (+0.000090)
2025-03-07 08:22:19,123 - elysium.strategy - INFO - Account state - Position: 499.5 HWTR/USDC, USDC: 499.5
2025-03-07 08:22:19,124 - elysium.strategy - INFO - Placing Buy order: 1000.0 @ 1.305682
2025-03-07 08:22:19,774 - elysium.strategy - INFO - Buy order placed successfully
2025-03-07 08:22:19,774 - elysium.strategy - INFO - Placing Sell order: 1000.0 @ 1.302017
2025-03-07 08:22:20,375 - elysium.strategy - INFO - Sell order placed successfully
2025-03-07 08:22:20,631 - elysium.strategy - INFO - Placing orders - Buy: 1.305682 (-0.000090), Sell: 1.302017 (+0.000090)
