2025-03-07 14:54:19,412 - elysium - INFO - Starting Elysium Trading Framework
2025-03-07 14:54:19,413 - elysium.config - INFO - Loaded configuration from elysium_config.json
2025-03-07 14:54:21,859 - elysium.exchange - INFO - Exchange manager initialized for account: 0xb92e5A1363Da1030B10f02378ea9FBcA7bEC1973
2025-03-07 14:54:22,008 - elysium.position - INFO - Position manager initialized
2025-03-07 14:54:22,011 - elysium.orders - INFO - Order callbacks set up successfully
2025-03-07 14:54:22,012 - elysium.strategy - INFO - Discovered 2 strategies: ['basic_market_making', 'market_order_making']
2025-03-07 14:57:15,914 - elysium.orders - INFO - Fill received: {'coin': '@5', 'px': '0.49047', 'sz': '27.0', 'side': 'B', 'time': 1741339635548, 'startPosition': '0.0', 'dir': 'Buy', 'closedPnl': '0.0', 'hash': '0x4e73528ad83c377f7aa4041453d41a01100053ea01b0ff9f80b1fa862c976757', 'oid': 25933099859, 'crossed': True, 'fee': '0.0', 'tid': 45337469426169, 'feeToken': 'KOGU'}
2025-03-07 14:57:36,108 - elysium.strategy - INFO - Initialized MarketOrderMaking for KOGU/USDC
2025-03-07 14:57:36,109 - elysium.strategy - INFO - Configuration: {}
2025-03-07 14:57:36,109 - elysium.strategy - INFO - Created strategy: market_order_making
2025-03-07 14:57:36,109 - elysium.strategy - INFO - Set active strategy: MarketOrderMaking
2025-03-07 14:57:36,109 - elysium - INFO - Starting strategy: market_order_making
2025-03-07 14:57:36,110 - elysium.exchange - INFO - Subscribed to orderbook for KOGU/USDC
2025-03-07 14:57:36,110 - elysium.strategy - INFO - Subscribed to orderbook for KOGU/USDC
2025-03-07 14:57:36,268 - elysium.strategy - INFO - Initial position: 27.0 KOGU/USDC
2025-03-07 14:57:36,268 - elysium.strategy - INFO - Target position: 5000.0 KOGU/USDC
2025-03-07 14:57:36,269 - elysium.strategy - INFO - Strategy MarketOrderMaking started
2025-03-07 14:57:36,270 - elysium.strategy - INFO - Started strategy: MarketOrderMaking
2025-03-07 14:57:36,270 - elysium - INFO - Strategy market_order_making started successfully
2025-03-07 14:57:36,425 - elysium.strategy - INFO - Placing market Buy order: 994.6
2025-03-07 14:57:36,425 - elysium.strategy - ERROR - Error placing market order: OrderExecutor.place_market_order() got an unexpected keyword argument 'price'
2025-03-07 14:57:36,726 - elysium.strategy - INFO - Placing market Buy order: 994.6
2025-03-07 14:57:36,726 - elysium.strategy - ERROR - Error placing market order: OrderExecutor.place_market_order() got an unexpected keyword argument 'price'
2025-03-07 14:57:37,519 - elysium.strategy - INFO - Placing market Buy order: 994.6
2025-03-07 14:57:37,519 - elysium.strategy - ERROR - Error placing market order: OrderExecutor.place_market_order() got an unexpected keyword argument 'price'
2025-03-07 14:57:38,599 - elysium.strategy - INFO - Placing market Buy order: 994.6
2025-03-07 14:57:38,600 - elysium.strategy - ERROR - Error placing market order: OrderExecutor.place_market_order() got an unexpected keyword argument 'price'
2025-03-07 14:57:39,674 - elysium.strategy - INFO - Placing market Buy order: 994.6
2025-03-07 14:57:39,675 - elysium.strategy - ERROR - Error placing market order: OrderExecutor.place_market_order() got an unexpected keyword argument 'price'
2025-03-07 14:57:40,772 - elysium.strategy - INFO - Placing market Buy order: 994.6
2025-03-07 14:57:40,773 - elysium.strategy - ERROR - Error placing market order: OrderExecutor.place_market_order() got an unexpected keyword argument 'price'
2025-03-07 14:57:41,862 - elysium.strategy - INFO - Placing market Buy order: 994.6
2025-03-07 14:57:41,864 - elysium.strategy - ERROR - Error placing market order: OrderExecutor.place_market_order() got an unexpected keyword argument 'price'
2025-03-07 14:57:42,941 - elysium.strategy - INFO - Placing market Buy order: 994.6
2025-03-07 14:57:42,943 - elysium.strategy - ERROR - Error placing market order: OrderExecutor.place_market_order() got an unexpected keyword argument 'price'
2025-03-07 14:57:44,029 - elysium.strategy - INFO - Placing market Buy order: 994.6
2025-03-07 14:57:44,030 - elysium.strategy - ERROR - Error placing market order: OrderExecutor.place_market_order() got an unexpected keyword argument 'price'
2025-03-07 14:57:45,121 - elysium.strategy - INFO - Placing market Buy order: 994.6
2025-03-07 14:57:45,122 - elysium.strategy - ERROR - Error placing market order: OrderExecutor.place_market_order() got an unexpected keyword argument 'price'
2025-03-07 14:57:46,203 - elysium.strategy - INFO - Placing market Buy order: 994.6
2025-03-07 14:57:46,204 - elysium.strategy - ERROR - Error placing market order: OrderExecutor.place_market_order() got an unexpected keyword argument 'price'
2025-03-07 14:57:47,297 - elysium.strategy - INFO - Placing market Buy order: 994.6
2025-03-07 14:57:47,299 - elysium.strategy - ERROR - Error placing market order: OrderExecutor.place_market_order() got an unexpected keyword argument 'price'
2025-03-07 14:57:48,385 - elysium.strategy - INFO - Placing market Buy order: 994.6
2025-03-07 14:57:48,386 - elysium.strategy - ERROR - Error placing market order: OrderExecutor.place_market_order() got an unexpected keyword argument 'price'
2025-03-07 14:57:49,470 - elysium.strategy - INFO - Placing market Buy order: 994.6
2025-03-07 14:57:49,472 - elysium.strategy - ERROR - Error placing market order: OrderExecutor.place_market_order() got an unexpected keyword argument 'price'
2025-03-07 14:57:50,568 - elysium.strategy - INFO - Placing market Buy order: 994.6
2025-03-07 14:57:50,569 - elysium.strategy - ERROR - Error placing market order: OrderExecutor.place_market_order() got an unexpected keyword argument 'price'
2025-03-07 14:57:51,648 - elysium.strategy - INFO - Placing market Buy order: 994.6
2025-03-07 14:57:51,649 - elysium.strategy - ERROR - Error placing market order: OrderExecutor.place_market_order() got an unexpected keyword argument 'price'
2025-03-07 14:57:52,737 - elysium.strategy - INFO - Placing market Buy order: 994.6
2025-03-07 14:57:52,738 - elysium.strategy - ERROR - Error placing market order: OrderExecutor.place_market_order() got an unexpected keyword argument 'price'
2025-03-07 14:57:53,827 - elysium.strategy - INFO - Placing market Buy order: 994.6
2025-03-07 14:57:53,827 - elysium.strategy - ERROR - Error placing market order: OrderExecutor.place_market_order() got an unexpected keyword argument 'price'
