2025-03-07 14:54:22,012 - elysium.strategy - INFO - Discovered 2 strategies: ['basic_market_making', 'market_order_making']
2025-03-07 14:57:36,108 - elysium.strategy - INFO - Initialized MarketOrderMaking for KOGU/USDC
2025-03-07 14:57:36,109 - elysium.strategy - INFO - Configuration: {}
2025-03-07 14:57:36,109 - elysium.strategy - INFO - Created strategy: market_order_making
2025-03-07 14:57:36,109 - elysium.strategy - INFO - Set active strategy: MarketOrderMaking
2025-03-07 14:57:36,110 - elysium.strategy - INFO - Subscribed to orderbook for KOGU/USDC
2025-03-07 14:57:36,268 - elysium.strategy - INFO - Initial position: 27.0 KOGU/USDC
2025-03-07 14:57:36,268 - elysium.strategy - INFO - Target position: 5000.0 KOGU/USDC
2025-03-07 14:57:36,269 - elysium.strategy - INFO - Strategy MarketOrderMaking started
2025-03-07 14:57:36,270 - elysium.strategy - INFO - Started strategy: MarketOrderMaking
2025-03-07 14:57:36,425 - elysium.strategy - INFO - Placing market Buy order: 994.6
2025-03-07 14:57:36,425 - elysium.strategy - ERROR - Error placing market order: OrderExecutor.place_market_order() got an unexpected keyword argument 'price'
2025-03-07 14:57:36,726 - elysium.strategy - INFO - Placing market Buy order: 994.6
2025-03-07 14:57:36,726 - elysium.strategy - ERROR - Error placing market order: OrderExecutor.place_market_order() got an unexpected keyword argument 'price'
2025-03-07 14:57:37,519 - elysium.strategy - INFO - Placing market Buy order: 994.6
2025-03-07 14:57:37,519 - elysium.strategy - ERROR - Error placing market order: OrderExecutor.place_market_order() got an unexpected keyword argument 'price'
2025-03-07 14:57:38,599 - elysium.strategy - INFO - Placing market Buy order: 994.6
2025-03-07 14:57:38,600 - elysium.strategy - ERROR - Error placing market order: OrderExecutor.place_market_order() got an unexpected keyword argument 'price'
2025-03-07 14:57:39,674 - elysium.strategy - INFO - Placing market Buy order: 994.6
2025-03-07 14:57:39,675 - elysium.strategy - ERROR - Error placing market order: OrderExecutor.place_market_order() got an unexpected keyword argument 'price'
2025-03-07 14:57:40,772 - elysium.strategy - INFO - Placing market Buy order: 994.6
2025-03-07 14:57:40,773 - elysium.strategy - ERROR - Error placing market order: OrderExecutor.place_market_order() got an unexpected keyword argument 'price'
2025-03-07 14:57:41,862 - elysium.strategy - INFO - Placing market Buy order: 994.6
2025-03-07 14:57:41,864 - elysium.strategy - ERROR - Error placing market order: OrderExecutor.place_market_order() got an unexpected keyword argument 'price'
2025-03-07 14:57:42,941 - elysium.strategy - INFO - Placing market Buy order: 994.6
2025-03-07 14:57:42,943 - elysium.strategy - ERROR - Error placing market order: OrderExecutor.place_market_order() got an unexpected keyword argument 'price'
2025-03-07 14:57:44,029 - elysium.strategy - INFO - Placing market Buy order: 994.6
2025-03-07 14:57:44,030 - elysium.strategy - ERROR - Error placing market order: OrderExecutor.place_market_order() got an unexpected keyword argument 'price'
2025-03-07 14:57:45,121 - elysium.strategy - INFO - Placing market Buy order: 994.6
2025-03-07 14:57:45,122 - elysium.strategy - ERROR - Error placing market order: OrderExecutor.place_market_order() got an unexpected keyword argument 'price'
2025-03-07 14:57:46,203 - elysium.strategy - INFO - Placing market Buy order: 994.6
2025-03-07 14:57:46,204 - elysium.strategy - ERROR - Error placing market order: OrderExecutor.place_market_order() got an unexpected keyword argument 'price'
2025-03-07 14:57:47,297 - elysium.strategy - INFO - Placing market Buy order: 994.6
2025-03-07 14:57:47,299 - elysium.strategy - ERROR - Error placing market order: OrderExecutor.place_market_order() got an unexpected keyword argument 'price'
2025-03-07 14:57:48,385 - elysium.strategy - INFO - Placing market Buy order: 994.6
2025-03-07 14:57:48,386 - elysium.strategy - ERROR - Error placing market order: OrderExecutor.place_market_order() got an unexpected keyword argument 'price'
2025-03-07 14:57:49,470 - elysium.strategy - INFO - Placing market Buy order: 994.6
2025-03-07 14:57:49,472 - elysium.strategy - ERROR - Error placing market order: OrderExecutor.place_market_order() got an unexpected keyword argument 'price'
2025-03-07 14:57:50,568 - elysium.strategy - INFO - Placing market Buy order: 994.6
2025-03-07 14:57:50,569 - elysium.strategy - ERROR - Error placing market order: OrderExecutor.place_market_order() got an unexpected keyword argument 'price'
2025-03-07 14:57:51,648 - elysium.strategy - INFO - Placing market Buy order: 994.6
2025-03-07 14:57:51,649 - elysium.strategy - ERROR - Error placing market order: OrderExecutor.place_market_order() got an unexpected keyword argument 'price'
2025-03-07 14:57:52,737 - elysium.strategy - INFO - Placing market Buy order: 994.6
2025-03-07 14:57:52,738 - elysium.strategy - ERROR - Error placing market order: OrderExecutor.place_market_order() got an unexpected keyword argument 'price'
2025-03-07 14:57:53,827 - elysium.strategy - INFO - Placing market Buy order: 994.6
2025-03-07 14:57:53,827 - elysium.strategy - ERROR - Error placing market order: OrderExecutor.place_market_order() got an unexpected keyword argument 'price'
