2025-03-07 12:14:42,371 - elysium - INFO - Starting Elysium Trading Framework
2025-03-07 12:14:42,371 - elysium.config - INFO - Loaded configuration from elysium_config.json
2025-03-07 12:14:44,749 - elysium.exchange - INFO - Exchange manager initialized for account: 0xb92e5A1363Da1030B10f02378ea9FBcA7bEC1973
2025-03-07 12:14:44,909 - elysium.position - INFO - Position manager initialized
2025-03-07 12:14:44,913 - elysium.orders - INFO - Order callbacks set up successfully
2025-03-07 12:14:44,914 - elysium.strategy - INFO - Discovered 1 strategies: ['basic_market_making']
2025-03-07 12:31:34,711 - elysium.strategy - INFO - Initialized BasicMarketMaking for KOGU/USDC
2025-03-07 12:31:34,713 - elysium.strategy - INFO - Configuration: {'symbol': 'KOGU/USDC', 'display_name': 'KOGU/USDC', 'max_order_size': 1000.0, 'min_order_size': 100.0, 'position_use_pct': 0.9, 'initial_offset': 0.0005, 'min_offset': 0.0003, 'offset_reduction': 5e-05, 'order_refresh_time': 15, 'max_active_orders': 2}
2025-03-07 12:31:34,714 - elysium.strategy - INFO - Created strategy: basic_market_making
2025-03-07 12:31:34,714 - elysium.strategy - INFO - Set active strategy: BasicMarketMaking
2025-03-07 12:31:34,714 - elysium - INFO - Starting strategy: basic_market_making
2025-03-07 12:31:34,714 - elysium.exchange - INFO - Subscribed to orderbook for KOGU/USDC
2025-03-07 12:31:34,715 - elysium.strategy - INFO - Subscribed to orderbook for KOGU/USDC
2025-03-07 12:31:34,867 - elysium.strategy - INFO - Strategy BasicMarketMaking started
2025-03-07 12:31:34,867 - elysium.strategy - INFO - Started strategy: BasicMarketMaking
2025-03-07 12:31:34,868 - elysium - INFO - Strategy basic_market_making started successfully
2025-03-07 12:31:35,027 - elysium.strategy - INFO - Placing orders - Buy: 0.490249 (-0.000450), Sell: 0.485839 (+0.000450)
2025-03-07 12:31:35,332 - elysium.strategy - INFO - Account state - Position: 0.0 KOGU/USDC, USDC: 497.722391
2025-03-07 12:31:35,333 - elysium.strategy - INFO - Placing Buy order: 964.48 @ 0.490249
2025-03-07 12:31:35,333 - elysium.strategy - ERROR - Error placing orders: 'ExchangeManager' object has no attribute 'order'
2025-03-07 12:31:35,336 - elysium.strategy - INFO - Placing orders - Buy: 0.490274 (-0.000400), Sell: 0.485814 (+0.000400)
2025-03-07 12:31:35,636 - elysium.strategy - INFO - Account state - Position: 0.0 KOGU/USDC, USDC: 497.722391
2025-03-07 12:31:35,637 - elysium.strategy - INFO - Placing Buy order: 964.43 @ 0.490274
2025-03-07 12:31:35,637 - elysium.strategy - ERROR - Error placing orders: 'ExchangeManager' object has no attribute 'order'
2025-03-07 12:31:35,789 - elysium.strategy - INFO - Placing orders - Buy: 0.490298 (-0.000350), Sell: 0.48579 (+0.000350)
2025-03-07 12:31:36,094 - elysium.strategy - INFO - Account state - Position: 0.0 KOGU/USDC, USDC: 497.722391
2025-03-07 12:31:36,095 - elysium.strategy - INFO - Placing Buy order: 964.39 @ 0.490298
2025-03-07 12:31:36,095 - elysium.strategy - ERROR - Error placing orders: 'ExchangeManager' object has no attribute 'order'
2025-03-07 12:31:36,103 - elysium.strategy - INFO - Placing orders - Buy: 0.490323 (-0.000300), Sell: 0.485766 (+0.000300)
2025-03-07 12:31:36,246 - elysium.strategy - INFO - Placing orders - Buy: 0.490323 (-0.000300), Sell: 0.485766 (+0.000300)
2025-03-07 12:31:36,400 - elysium.strategy - INFO - Account state - Position: 0.0 KOGU/USDC, USDC: 497.722391
2025-03-07 12:31:36,401 - elysium.strategy - INFO - Placing Buy order: 964.34 @ 0.490323
2025-03-07 12:31:36,401 - elysium.strategy - ERROR - Error placing orders: 'ExchangeManager' object has no attribute 'order'
2025-03-07 12:31:36,549 - elysium.strategy - INFO - Account state - Position: 0.0 KOGU/USDC, USDC: 497.722391
2025-03-07 12:31:36,550 - elysium.strategy - INFO - Placing Buy order: 964.34 @ 0.490323
2025-03-07 12:31:36,550 - elysium.strategy - ERROR - Error placing orders: 'ExchangeManager' object has no attribute 'order'
